<?xml version="1.0" encoding="UTF-8"?>
<!-- Generated by org.testng.reporters.JUnitReportReporter -->
<testsuite skipped="0" hostname="MPARWANI-LAP" name="com.crm.qa.pract.Grouping" tests="1" failures="0" timestamp="25 Jun 2018 15:15:49 GMT" time="83.595" errors="0">
  <testcase name="Testngtesting" time="83.595" classname="com.crm.qa.pract.Grouping"/>
</testsuite> <!-- com.crm.qa.pract.Grouping -->
